TpTrace Verbose: 0 : 8520, 1, 2021/11/14, 01:21:45.003, 911613556422, vstest.console.dll, Version: 16.9.4
TpTrace Information: 0 : 8520, 1, 2021/11/14, 01:21:45.016, 911613676903, vstest.console.dll, FilePatternParser: The given file C:\Repositorios\joxeph10-github\AccountsAssessment\AccountsAssessment\Accounts.UnitTests\bin\Debug\netcoreapp3.1\fine-code-coverage\build-output\Accounts.UnitTests.dll is a full path.
TpTrace Verbose: 0 : 8520, 1, 2021/11/14, 01:21:45.026, 911613770973, vstest.console.dll, TestPluginCache.DiscoverTestExtensions: finding test extensions in assemblies ends with: RuntimeProvider.dll TPluginInfo: Microsoft.VisualStudio.TestPlatform.Common.ExtensionFramework.Utilities.TestRuntimePluginInformation TExtension: Microsoft.VisualStudio.TestPlatform.ObjectModel.Host.ITestRuntimeProvider
TpTrace Verbose: 0 : 8520, 1, 2021/11/14, 01:21:45.027, 911613784222, vstest.console.dll, TestPluginCache.GetExtensionPaths: Filtered extension paths: 
TpTrace Verbose: 0 : 8520, 1, 2021/11/14, 01:21:45.027, 911613787263, vstest.console.dll, TestPluginCache.GetExtensionPaths: Added default extension paths: C:\Program Files\dotnet\sdk\5.0.206\Extensions\Microsoft.Diagnostics.NETCore.Client.dll
C:\Program Files\dotnet\sdk\5.0.206\Extensions\Microsoft.TestPlatform.Extensions.BlameDataCollector.dll
C:\Program Files\dotnet\sdk\5.0.206\Extensions\Microsoft.TestPlatform.Extensions.EventLogCollector.dll
C:\Program Files\dotnet\sdk\5.0.206\Extensions\Microsoft.TestPlatform.TestHostRuntimeProvider.dll
C:\Program Files\dotnet\sdk\5.0.206\Extensions\Microsoft.VisualStudio.TestPlatform.Extensions.Html.TestLogger.dll
C:\Program Files\dotnet\sdk\5.0.206\Extensions\Microsoft.VisualStudio.TestPlatform.Extensions.Trx.TestLogger.dll
TpTrace Verbose: 0 : 8520, 1, 2021/11/14, 01:21:45.027, 911613788183, vstest.console.dll, TestPluginCache.GetExtensionPaths: Added unfilterableExtensionPaths: 
TpTrace Information: 0 : 8520, 1, 2021/11/14, 01:21:45.029, 911613809999, vstest.console.dll, AssemblyResolver.ctor: Creating AssemblyResolver with searchDirectories C:\Program Files\dotnet\sdk\5.0.206\Extensions,C:\Program Files\dotnet\sdk\5.0.206
TpTrace Verbose: 0 : 8520, 1, 2021/11/14, 01:21:45.032, 911613830112, vstest.console.dll, TestPluginCache.DiscoverTestExtensions: Discovering the extensions using extension path.
TpTrace Verbose: 0 : 8520, 1, 2021/11/14, 01:21:45.032, 911613833013, vstest.console.dll, TestPluginCache.GetExtensionPaths: Filtered extension paths: 
TpTrace Verbose: 0 : 8520, 1, 2021/11/14, 01:21:45.032, 911613834202, vstest.console.dll, TestPluginCache.GetExtensionPaths: Added default extension paths: C:\Program Files\dotnet\sdk\5.0.206\Extensions\Microsoft.Diagnostics.NETCore.Client.dll
C:\Program Files\dotnet\sdk\5.0.206\Extensions\Microsoft.TestPlatform.Extensions.BlameDataCollector.dll
C:\Program Files\dotnet\sdk\5.0.206\Extensions\Microsoft.TestPlatform.Extensions.EventLogCollector.dll
C:\Program Files\dotnet\sdk\5.0.206\Extensions\Microsoft.TestPlatform.TestHostRuntimeProvider.dll
C:\Program Files\dotnet\sdk\5.0.206\Extensions\Microsoft.VisualStudio.TestPlatform.Extensions.Html.TestLogger.dll
C:\Program Files\dotnet\sdk\5.0.206\Extensions\Microsoft.VisualStudio.TestPlatform.Extensions.Trx.TestLogger.dll
TpTrace Verbose: 0 : 8520, 1, 2021/11/14, 01:21:45.032, 911613834953, vstest.console.dll, TestPluginCache.GetExtensionPaths: Added unfilterableExtensionPaths: 
TpTrace Verbose: 0 : 8520, 1, 2021/11/14, 01:21:45.032, 911613836445, vstest.console.dll, TestPluginCache.DiscoverTestExtensions: Discovering the extensions using allExtensionPaths: C:\Program Files\dotnet\sdk\5.0.206\Extensions\Microsoft.Diagnostics.NETCore.Client.dll
C:\Program Files\dotnet\sdk\5.0.206\Extensions\Microsoft.TestPlatform.Extensions.BlameDataCollector.dll
C:\Program Files\dotnet\sdk\5.0.206\Extensions\Microsoft.TestPlatform.Extensions.EventLogCollector.dll
C:\Program Files\dotnet\sdk\5.0.206\Extensions\Microsoft.TestPlatform.TestHostRuntimeProvider.dll
C:\Program Files\dotnet\sdk\5.0.206\Extensions\Microsoft.VisualStudio.TestPlatform.Extensions.Html.TestLogger.dll
C:\Program Files\dotnet\sdk\5.0.206\Extensions\Microsoft.VisualStudio.TestPlatform.Extensions.Trx.TestLogger.dll
TpTrace Information: 0 : 8520, 1, 2021/11/14, 01:21:45.032, 911613839450, vstest.console.dll, AssemblyResolver.AddSearchDirectories: Adding more searchDirectories C:\Program Files\dotnet\sdk\5.0.206\Extensions,C:\Program Files\dotnet\sdk\5.0.206
TpTrace Information: 0 : 8520, 1, 2021/11/14, 01:21:45.033, 911613841041, vstest.console.dll, AssemblyResolver.AddSearchDirectories: Adding more searchDirectories C:\Program Files\dotnet\sdk\5.0.206\Extensions,C:\Program Files\dotnet\sdk\5.0.206
TpTrace Information: 0 : 8520, 1, 2021/11/14, 01:21:45.033, 911613841937, vstest.console.dll, AssemblyResolver.AddSearchDirectories: Adding more searchDirectories C:\Program Files\dotnet\sdk\5.0.206\Extensions,C:\Program Files\dotnet\sdk\5.0.206
TpTrace Information: 0 : 8520, 1, 2021/11/14, 01:21:45.033, 911613842659, vstest.console.dll, AssemblyResolver.AddSearchDirectories: Adding more searchDirectories C:\Program Files\dotnet\sdk\5.0.206\Extensions,C:\Program Files\dotnet\sdk\5.0.206
TpTrace Information: 0 : 8520, 1, 2021/11/14, 01:21:45.033, 911613843481, vstest.console.dll, AssemblyResolver.AddSearchDirectories: Adding more searchDirectories C:\Program Files\dotnet\sdk\5.0.206\Extensions,C:\Program Files\dotnet\sdk\5.0.206
TpTrace Information: 0 : 8520, 1, 2021/11/14, 01:21:45.033, 911613844182, vstest.console.dll, AssemblyResolver.AddSearchDirectories: Adding more searchDirectories C:\Program Files\dotnet\sdk\5.0.206\Extensions,C:\Program Files\dotnet\sdk\5.0.206
TpTrace Information: 0 : 8520, 1, 2021/11/14, 01:21:45.034, 911613851182, vstest.console.dll, AssemblyResolver.OnResolve: Microsoft.Diagnostics.NETCore.Client: Resolving assembly.
TpTrace Information: 0 : 8520, 1, 2021/11/14, 01:21:45.035, 911613869814, vstest.console.dll, AssemblyResolver.OnResolve: Resolved assembly: Microsoft.Diagnostics.NETCore.Client, from path: C:\Program Files\dotnet\sdk\5.0.206\Extensions\Microsoft.Diagnostics.NETCore.Client.dll
TpTrace Information: 0 : 8520, 1, 2021/11/14, 01:21:45.042, 911613937765, vstest.console.dll, AssemblyResolver.OnResolve: Microsoft.Bcl.AsyncInterfaces: Resolving assembly.
TpTrace Information: 0 : 8520, 1, 2021/11/14, 01:21:45.043, 911613942706, vstest.console.dll, AssemblyResolver.OnResolve: Microsoft.Bcl.AsyncInterfaces: Failed to load assembly.
TpTrace Verbose: 0 : 8520, 1, 2021/11/14, 01:21:45.043, 911613944055, vstest.console.dll, CurrentDomain_AssemblyResolve: Resolving assembly 'Microsoft.Bcl.AsyncInterfaces'.
TpTrace Information: 0 : 8520, 1, 2021/11/14, 01:21:45.043, 911613945702, vstest.console.dll, AssemblyResolver.OnResolve: Microsoft.Bcl.AsyncInterfaces: Resolving assembly.
TpTrace Information: 0 : 8520, 1, 2021/11/14, 01:21:45.043, 911613946808, vstest.console.dll, AssemblyResolver.OnResolve: Microsoft.Bcl.AsyncInterfaces: Resolved from cache.
TpTrace Verbose: 0 : 8520, 1, 2021/11/14, 01:21:45.043, 911613947726, vstest.console.dll, CurrentDomain_AssemblyResolve: Resolving assembly 'Microsoft.Bcl.AsyncInterfaces'.
TpTrace Verbose: 0 : 8520, 1, 2021/11/14, 01:21:45.043, 911613949092, vstest.console.dll, CurrentDomainAssemblyResolve: Failed to resolve assembly 'Microsoft.Bcl.AsyncInterfaces'.
TpTrace Verbose: 0 : 8520, 1, 2021/11/14, 01:21:45.046, 911613972222, vstest.console.dll, CurrentDomainAssemblyResolve: Failed to resolve assembly 'Microsoft.Bcl.AsyncInterfaces'.
TpTrace Warning: 0 : 8520, 1, 2021/11/14, 01:21:45.098, 911614498715, vstest.console.dll, TestPluginDiscoverer: Failed to get types from assembly 'Microsoft.Diagnostics.NETCore.Client, Version=0.2.2.41902, Culture=neutral, PublicKeyToken=31bf3856ad364e35'.  Skipping test extension scan for this assembly.  Error: System.Reflection.ReflectionTypeLoadException: Unable to load one or more of the requested types.
Could not load file or assembly 'Microsoft.Bcl.AsyncInterfaces, Version=1.0.0.0, Culture=neutral, PublicKeyToken=cc7b13ffcd2ddd51'. The system cannot find the file specified.
   at System.Reflection.RuntimeModule.GetTypes(RuntimeModule module)
   at System.Reflection.RuntimeModule.GetTypes()
   at System.Reflection.Assembly.GetTypes()
   at Microsoft.VisualStudio.TestPlatform.Common.ExtensionFramework.TestPluginDiscoverer.GetTestExtensionsFromAssembly[TPluginInfo,TExtension](Assembly assembly, Dictionary`2 pluginInfos)
System.IO.FileNotFoundException: Could not load file or assembly 'Microsoft.Bcl.AsyncInterfaces, Version=1.0.0.0, Culture=neutral, PublicKeyToken=cc7b13ffcd2ddd51'. The system cannot find the file specified.
File name: 'Microsoft.Bcl.AsyncInterfaces, Version=1.0.0.0, Culture=neutral, PublicKeyToken=cc7b13ffcd2ddd51'
TpTrace Warning: 0 : 8520, 1, 2021/11/14, 01:21:45.099, 911614504343, vstest.console.dll, LoaderExceptions: System.IO.FileNotFoundException: Could not load file or assembly 'Microsoft.Bcl.AsyncInterfaces, Version=1.0.0.0, Culture=neutral, PublicKeyToken=cc7b13ffcd2ddd51'. The system cannot find the file specified.
File name: 'Microsoft.Bcl.AsyncInterfaces, Version=1.0.0.0, Culture=neutral, PublicKeyToken=cc7b13ffcd2ddd51'
TpTrace Information: 0 : 8520, 1, 2021/11/14, 01:21:45.099, 911614508389, vstest.console.dll, AssemblyResolver.OnResolve: Microsoft.TestPlatform.Extensions.BlameDataCollector: Resolving assembly.
TpTrace Information: 0 : 8520, 1, 2021/11/14, 01:21:45.101, 911614529475, vstest.console.dll, AssemblyResolver.OnResolve: Resolved assembly: Microsoft.TestPlatform.Extensions.BlameDataCollector, from path: C:\Program Files\dotnet\sdk\5.0.206\Extensions\Microsoft.TestPlatform.Extensions.BlameDataCollector.dll
TpTrace Information: 0 : 8520, 1, 2021/11/14, 01:21:45.103, 911614548197, vstest.console.dll, AssemblyResolver.OnResolve: Microsoft.TestPlatform.Extensions.EventLogCollector: Resolving assembly.
TpTrace Information: 0 : 8520, 1, 2021/11/14, 01:21:45.105, 911614569165, vstest.console.dll, AssemblyResolver.OnResolve: Resolved assembly: Microsoft.TestPlatform.Extensions.EventLogCollector, from path: C:\Program Files\dotnet\sdk\5.0.206\Extensions\Microsoft.TestPlatform.Extensions.EventLogCollector.dll
TpTrace Information: 0 : 8520, 1, 2021/11/14, 01:21:45.112, 911614632197, vstest.console.dll, AssemblyResolver.OnResolve: Microsoft.TestPlatform.TestHostRuntimeProvider: Resolving assembly.
TpTrace Information: 0 : 8520, 1, 2021/11/14, 01:21:45.114, 911614652308, vstest.console.dll, AssemblyResolver.OnResolve: Resolved assembly: Microsoft.TestPlatform.TestHostRuntimeProvider, from path: C:\Program Files\dotnet\sdk\5.0.206\Extensions\Microsoft.TestPlatform.TestHostRuntimeProvider.dll
TpTrace Information: 0 : 8520, 1, 2021/11/14, 01:21:45.117, 911614689219, vstest.console.dll, AssemblyResolver.OnResolve: Microsoft.VisualStudio.TestPlatform.Extensions.Html.TestLogger: Resolving assembly.
TpTrace Information: 0 : 8520, 1, 2021/11/14, 01:21:45.120, 911614710130, vstest.console.dll, AssemblyResolver.OnResolve: Resolved assembly: Microsoft.VisualStudio.TestPlatform.Extensions.Html.TestLogger, from path: C:\Program Files\dotnet\sdk\5.0.206\Extensions\Microsoft.VisualStudio.TestPlatform.Extensions.Html.TestLogger.dll
TpTrace Information: 0 : 8520, 1, 2021/11/14, 01:21:45.121, 911614721451, vstest.console.dll, AssemblyResolver.OnResolve: Microsoft.VisualStudio.TestPlatform.Extensions.Trx.TestLogger: Resolving assembly.
TpTrace Information: 0 : 8520, 1, 2021/11/14, 01:21:45.123, 911614742813, vstest.console.dll, AssemblyResolver.OnResolve: Resolved assembly: Microsoft.VisualStudio.TestPlatform.Extensions.Trx.TestLogger, from path: C:\Program Files\dotnet\sdk\5.0.206\Extensions\Microsoft.VisualStudio.TestPlatform.Extensions.Trx.TestLogger.dll
TpTrace Verbose: 0 : 8520, 1, 2021/11/14, 01:21:45.124, 911614759488, vstest.console.dll, TestPluginCache: Discovered the extensions using extension path ''.
TpTrace Verbose: 0 : 8520, 1, 2021/11/14, 01:21:45.125, 911614761617, vstest.console.dll, TestPluginCache: Discoverers are ''.
TpTrace Verbose: 0 : 8520, 1, 2021/11/14, 01:21:45.125, 911614763141, vstest.console.dll, TestPluginCache: Executors are ''.
TpTrace Verbose: 0 : 8520, 1, 2021/11/14, 01:21:45.125, 911614764172, vstest.console.dll, TestPluginCache: Executors2 are ''.
TpTrace Verbose: 0 : 8520, 1, 2021/11/14, 01:21:45.125, 911614766766, vstest.console.dll, TestPluginCache: Setting providers are ''.
TpTrace Verbose: 0 : 8520, 1, 2021/11/14, 01:21:45.125, 911614768090, vstest.console.dll, TestPluginCache: Loggers are ''.
TpTrace Information: 0 : 8520, 1, 2021/11/14, 01:21:45.138, 911614890542, vstest.console.dll, RunTestsArgumentProcessor:Execute: Test run is starting.
TpTrace Verbose: 0 : 8520, 1, 2021/11/14, 01:21:45.138, 911614892120, vstest.console.dll, RunTestsArgumentProcessor:Execute: Queuing Test run.
TpTrace Information: 0 : 8520, 1, 2021/11/14, 01:21:45.138, 911614896005, vstest.console.dll, TestRequestManager.RunTests: run tests started.
TpTrace Information: 0 : 8520, 1, 2021/11/14, 01:21:45.143, 911614944359, vstest.console.dll, AssemblyMetadataProvider.GetFrameWork: Determined framework:'.NETCoreApp,Version=v3.1' for source: 'C:\Repositorios\joxeph10-github\AccountsAssessment\AccountsAssessment\Accounts.UnitTests\bin\Debug\netcoreapp3.1\fine-code-coverage\build-output\Accounts.UnitTests.dll'
TpTrace Information: 0 : 8520, 1, 2021/11/14, 01:21:45.143, 911614947061, vstest.console.dll, Determined framework for all sources: .NETCoreApp,Version=v3.1
TpTrace Information: 0 : 8520, 1, 2021/11/14, 01:21:45.144, 911614957654, vstest.console.dll, AssemblyMetadataProvider.GetArchitecture: Determined architecture:AnyCPU info for assembly: C:\Repositorios\joxeph10-github\AccountsAssessment\AccountsAssessment\Accounts.UnitTests\bin\Debug\netcoreapp3.1\fine-code-coverage\build-output\Accounts.UnitTests.dll
TpTrace Information: 0 : 8520, 1, 2021/11/14, 01:21:45.147, 911614987222, vstest.console.dll, Determined platform for all sources: X64
TpTrace Information: 0 : 8520, 1, 2021/11/14, 01:21:45.151, 911615029887, vstest.console.dll, Compatible sources list : 
TpTrace Information: 0 : 8520, 1, 2021/11/14, 01:21:45.152, 911615031383, vstest.console.dll, C:\Repositorios\joxeph10-github\AccountsAssessment\AccountsAssessment\Accounts.UnitTests\bin\Debug\netcoreapp3.1\fine-code-coverage\build-output\Accounts.UnitTests.dll
TpTrace Information: 0 : 8520, 1, 2021/11/14, 01:21:45.155, 911615067900, vstest.console.dll, InferRunSettingsHelper.IsTestSettingsEnabled: Unable to navigate to RunSettings/MSTest. Current node: RunSettings
TpTrace Information: 0 : 8520, 1, 2021/11/14, 01:21:45.156, 911615079090, vstest.console.dll, AssemblyResolver.OnResolve: Microsoft.VisualStudio.TestPlatform.Fakes: Resolving assembly.
TpTrace Information: 0 : 8520, 1, 2021/11/14, 01:21:45.157, 911615082666, vstest.console.dll, AssemblyResolver.OnResolve: Microsoft.VisualStudio.TestPlatform.Fakes: Failed to load assembly.
TpTrace Information: 0 : 8520, 1, 2021/11/14, 01:21:45.157, 911615089001, vstest.console.dll, Failed to create newly implemented Fakes Configurator. Reason:System.IO.FileNotFoundException: Could not load file or assembly 'Microsoft.VisualStudio.TestPlatform.Fakes, Version=16.0.0.0, Culture=neutral, PublicKeyToken=null'. The system cannot find the file specified.
File name: 'Microsoft.VisualStudio.TestPlatform.Fakes, Version=16.0.0.0, Culture=neutral, PublicKeyToken=null'
   at System.Reflection.RuntimeAssembly.InternalLoad(ObjectHandleOnStack assemblyName, ObjectHandleOnStack requestingAssembly, StackCrawlMarkHandle stackMark, Boolean throwOnFileNotFound, ObjectHandleOnStack assemblyLoadContext, ObjectHandleOnStack retAssembly)
   at System.Reflection.RuntimeAssembly.InternalLoad(AssemblyName assemblyName, RuntimeAssembly requestingAssembly, StackCrawlMark& stackMark, Boolean throwOnFileNotFound, AssemblyLoadContext assemblyLoadContext)
   at System.Reflection.Assembly.Load(AssemblyName assemblyRef)
   at Microsoft.VisualStudio.TestPlatform.Common.Utilities.FakesUtilities.TryGetFakesCrossPlatformDataCollectorConfigurator() 
TpTrace Verbose: 0 : 8520, 1, 2021/11/14, 01:21:45.164, 911615153471, vstest.console.dll, TestPluginCache.DiscoverTestExtensions: finding test extensions in assemblies ends with: TestLogger.dll TPluginInfo: Microsoft.VisualStudio.TestPlatform.Common.ExtensionFramework.Utilities.TestLoggerPluginInformation TExtension: Microsoft.VisualStudio.TestPlatform.ObjectModel.Client.ITestLogger
TpTrace Verbose: 0 : 8520, 1, 2021/11/14, 01:21:45.164, 911615155593, vstest.console.dll, TestPluginCache.GetExtensionPaths: Filtered extension paths: 
TpTrace Verbose: 0 : 8520, 1, 2021/11/14, 01:21:45.164, 911615156709, vstest.console.dll, TestPluginCache.GetExtensionPaths: Added default extension paths: C:\Program Files\dotnet\sdk\5.0.206\Extensions\Microsoft.Diagnostics.NETCore.Client.dll
C:\Program Files\dotnet\sdk\5.0.206\Extensions\Microsoft.TestPlatform.Extensions.BlameDataCollector.dll
C:\Program Files\dotnet\sdk\5.0.206\Extensions\Microsoft.TestPlatform.Extensions.EventLogCollector.dll
C:\Program Files\dotnet\sdk\5.0.206\Extensions\Microsoft.TestPlatform.TestHostRuntimeProvider.dll
C:\Program Files\dotnet\sdk\5.0.206\Extensions\Microsoft.VisualStudio.TestPlatform.Extensions.Html.TestLogger.dll
C:\Program Files\dotnet\sdk\5.0.206\Extensions\Microsoft.VisualStudio.TestPlatform.Extensions.Trx.TestLogger.dll
TpTrace Verbose: 0 : 8520, 1, 2021/11/14, 01:21:45.164, 911615157520, vstest.console.dll, TestPluginCache.GetExtensionPaths: Added unfilterableExtensionPaths: 
TpTrace Information: 0 : 8520, 1, 2021/11/14, 01:21:45.165, 911615160632, vstest.console.dll, AssemblyResolver.AddSearchDirectories: Adding more searchDirectories C:\Program Files\dotnet\sdk\5.0.206\Extensions,C:\Program Files\dotnet\sdk\5.0.206
TpTrace Verbose: 0 : 8520, 1, 2021/11/14, 01:21:45.165, 911615161731, vstest.console.dll, TestPluginCache.DiscoverTestExtensions: Discovering the extensions using extension path.
TpTrace Verbose: 0 : 8520, 1, 2021/11/14, 01:21:45.165, 911615162484, vstest.console.dll, TestPluginCache.GetExtensionPaths: Filtered extension paths: 
TpTrace Verbose: 0 : 8520, 1, 2021/11/14, 01:21:45.165, 911615163186, vstest.console.dll, TestPluginCache.GetExtensionPaths: Added default extension paths: C:\Program Files\dotnet\sdk\5.0.206\Extensions\Microsoft.Diagnostics.NETCore.Client.dll
C:\Program Files\dotnet\sdk\5.0.206\Extensions\Microsoft.TestPlatform.Extensions.BlameDataCollector.dll
C:\Program Files\dotnet\sdk\5.0.206\Extensions\Microsoft.TestPlatform.Extensions.EventLogCollector.dll
C:\Program Files\dotnet\sdk\5.0.206\Extensions\Microsoft.TestPlatform.TestHostRuntimeProvider.dll
C:\Program Files\dotnet\sdk\5.0.206\Extensions\Microsoft.VisualStudio.TestPlatform.Extensions.Html.TestLogger.dll
C:\Program Files\dotnet\sdk\5.0.206\Extensions\Microsoft.VisualStudio.TestPlatform.Extensions.Trx.TestLogger.dll
TpTrace Verbose: 0 : 8520, 1, 2021/11/14, 01:21:45.165, 911615164041, vstest.console.dll, TestPluginCache.GetExtensionPaths: Added unfilterableExtensionPaths: 
TpTrace Verbose: 0 : 8520, 1, 2021/11/14, 01:21:45.165, 911615164775, vstest.console.dll, TestPluginCache.DiscoverTestExtensions: Discovering the extensions using allExtensionPaths: C:\Program Files\dotnet\sdk\5.0.206\Extensions\Microsoft.Diagnostics.NETCore.Client.dll
C:\Program Files\dotnet\sdk\5.0.206\Extensions\Microsoft.TestPlatform.Extensions.BlameDataCollector.dll
C:\Program Files\dotnet\sdk\5.0.206\Extensions\Microsoft.TestPlatform.Extensions.EventLogCollector.dll
C:\Program Files\dotnet\sdk\5.0.206\Extensions\Microsoft.TestPlatform.TestHostRuntimeProvider.dll
C:\Program Files\dotnet\sdk\5.0.206\Extensions\Microsoft.VisualStudio.TestPlatform.Extensions.Html.TestLogger.dll
C:\Program Files\dotnet\sdk\5.0.206\Extensions\Microsoft.VisualStudio.TestPlatform.Extensions.Trx.TestLogger.dll
TpTrace Information: 0 : 8520, 1, 2021/11/14, 01:21:45.165, 911615165921, vstest.console.dll, AssemblyResolver.AddSearchDirectories: Adding more searchDirectories C:\Program Files\dotnet\sdk\5.0.206\Extensions,C:\Program Files\dotnet\sdk\5.0.206
TpTrace Information: 0 : 8520, 1, 2021/11/14, 01:21:45.165, 911615166762, vstest.console.dll, AssemblyResolver.AddSearchDirectories: Adding more searchDirectories C:\Program Files\dotnet\sdk\5.0.206\Extensions,C:\Program Files\dotnet\sdk\5.0.206
TpTrace Information: 0 : 8520, 1, 2021/11/14, 01:21:45.165, 911615167885, vstest.console.dll, AssemblyResolver.AddSearchDirectories: Adding more searchDirectories C:\Program Files\dotnet\sdk\5.0.206\Extensions,C:\Program Files\dotnet\sdk\5.0.206
TpTrace Information: 0 : 8520, 1, 2021/11/14, 01:21:45.165, 911615168711, vstest.console.dll, AssemblyResolver.AddSearchDirectories: Adding more searchDirectories C:\Program Files\dotnet\sdk\5.0.206\Extensions,C:\Program Files\dotnet\sdk\5.0.206
TpTrace Information: 0 : 8520, 1, 2021/11/14, 01:21:45.165, 911615169443, vstest.console.dll, AssemblyResolver.AddSearchDirectories: Adding more searchDirectories C:\Program Files\dotnet\sdk\5.0.206\Extensions,C:\Program Files\dotnet\sdk\5.0.206
TpTrace Information: 0 : 8520, 1, 2021/11/14, 01:21:45.166, 911615170150, vstest.console.dll, AssemblyResolver.AddSearchDirectories: Adding more searchDirectories C:\Program Files\dotnet\sdk\5.0.206\Extensions,C:\Program Files\dotnet\sdk\5.0.206
TpTrace Information: 0 : 8520, 1, 2021/11/14, 01:21:45.166, 911615175507, vstest.console.dll, AssemblyResolver.OnResolve: Microsoft.Bcl.AsyncInterfaces: Resolving assembly.
TpTrace Information: 0 : 8520, 1, 2021/11/14, 01:21:45.166, 911615176554, vstest.console.dll, AssemblyResolver.OnResolve: Microsoft.Bcl.AsyncInterfaces: Resolved from cache.
TpTrace Verbose: 0 : 8520, 1, 2021/11/14, 01:21:45.166, 911615177350, vstest.console.dll, CurrentDomain_AssemblyResolve: Resolving assembly 'Microsoft.Bcl.AsyncInterfaces'.
TpTrace Information: 0 : 8520, 1, 2021/11/14, 01:21:45.166, 911615178595, vstest.console.dll, AssemblyResolver.OnResolve: Microsoft.Bcl.AsyncInterfaces: Resolving assembly.
TpTrace Information: 0 : 8520, 1, 2021/11/14, 01:21:45.166, 911615179497, vstest.console.dll, AssemblyResolver.OnResolve: Microsoft.Bcl.AsyncInterfaces: Resolved from cache.
TpTrace Verbose: 0 : 8520, 1, 2021/11/14, 01:21:45.167, 911615180244, vstest.console.dll, CurrentDomain_AssemblyResolve: Resolving assembly 'Microsoft.Bcl.AsyncInterfaces'.
TpTrace Verbose: 0 : 8520, 1, 2021/11/14, 01:21:45.167, 911615180908, vstest.console.dll, CurrentDomainAssemblyResolve: Failed to resolve assembly 'Microsoft.Bcl.AsyncInterfaces'.
TpTrace Verbose: 0 : 8520, 1, 2021/11/14, 01:21:45.167, 911615183956, vstest.console.dll, CurrentDomainAssemblyResolve: Failed to resolve assembly 'Microsoft.Bcl.AsyncInterfaces'.
TpTrace Warning: 0 : 8520, 1, 2021/11/14, 01:21:45.168, 911615191878, vstest.console.dll, TestPluginDiscoverer: Failed to get types from assembly 'Microsoft.Diagnostics.NETCore.Client, Version=0.2.2.41902, Culture=neutral, PublicKeyToken=31bf3856ad364e35'.  Skipping test extension scan for this assembly.  Error: System.Reflection.ReflectionTypeLoadException: Unable to load one or more of the requested types.
Could not load file or assembly 'Microsoft.Bcl.AsyncInterfaces, Version=1.0.0.0, Culture=neutral, PublicKeyToken=cc7b13ffcd2ddd51'. The system cannot find the file specified.
   at System.Reflection.RuntimeModule.GetTypes(RuntimeModule module)
   at System.Reflection.RuntimeModule.GetTypes()
   at System.Reflection.Assembly.GetTypes()
   at Microsoft.VisualStudio.TestPlatform.Common.ExtensionFramework.TestPluginDiscoverer.GetTestExtensionsFromAssembly[TPluginInfo,TExtension](Assembly assembly, Dictionary`2 pluginInfos)
System.IO.FileNotFoundException: Could not load file or assembly 'Microsoft.Bcl.AsyncInterfaces, Version=1.0.0.0, Culture=neutral, PublicKeyToken=cc7b13ffcd2ddd51'. The system cannot find the file specified.
File name: 'Microsoft.Bcl.AsyncInterfaces, Version=1.0.0.0, Culture=neutral, PublicKeyToken=cc7b13ffcd2ddd51'
TpTrace Warning: 0 : 8520, 1, 2021/11/14, 01:21:45.168, 911615193468, vstest.console.dll, LoaderExceptions: System.IO.FileNotFoundException: Could not load file or assembly 'Microsoft.Bcl.AsyncInterfaces, Version=1.0.0.0, Culture=neutral, PublicKeyToken=cc7b13ffcd2ddd51'. The system cannot find the file specified.
File name: 'Microsoft.Bcl.AsyncInterfaces, Version=1.0.0.0, Culture=neutral, PublicKeyToken=cc7b13ffcd2ddd51'
TpTrace Verbose: 0 : 8520, 1, 2021/11/14, 01:21:45.169, 911615202568, vstest.console.dll, TestPluginCache: Discovered the extensions using extension path ''.
TpTrace Verbose: 0 : 8520, 1, 2021/11/14, 01:21:45.169, 911615203744, vstest.console.dll, TestPluginCache: Discoverers are ''.
TpTrace Verbose: 0 : 8520, 1, 2021/11/14, 01:21:45.169, 911615204451, vstest.console.dll, TestPluginCache: Executors are ''.
TpTrace Verbose: 0 : 8520, 1, 2021/11/14, 01:21:45.169, 911615205074, vstest.console.dll, TestPluginCache: Executors2 are ''.
TpTrace Verbose: 0 : 8520, 1, 2021/11/14, 01:21:45.169, 911615205688, vstest.console.dll, TestPluginCache: Setting providers are ''.
TpTrace Verbose: 0 : 8520, 1, 2021/11/14, 01:21:45.169, 911615207712, vstest.console.dll, TestPluginCache: Loggers are 'logger://Microsoft/TestPlatform/Extensions/Blame/v1,logger://Microsoft/TestPlatform/HtmlLogger/v1,logger://Microsoft/TestPlatform/TrxLogger/v1'.
TpTrace Information: 0 : 8520, 1, 2021/11/14, 01:21:45.171, 911615223181, vstest.console.dll, TestPluginManager.CreateTestExtension: Attempting to load test extension: Microsoft.TestPlatform.Extensions.BlameDataCollector.BlameLogger
TpTrace Information: 0 : 8520, 1, 2021/11/14, 01:21:45.194, 911615455599, vstest.console.dll, TestPluginManager.CreateTestExtension: Attempting to load test extension: Microsoft.VisualStudio.TestPlatform.CrossPlatEngine.Hosting.DefaultTestHostManager
TpTrace Information: 0 : 8520, 1, 2021/11/14, 01:21:45.195, 911615462840, vstest.console.dll, TestPluginManager.CreateTestExtension: Attempting to load test extension: Microsoft.VisualStudio.TestPlatform.CrossPlatEngine.Hosting.DotnetTestHostManager
TpTrace Verbose: 0 : 8520, 1, 2021/11/14, 01:21:45.196, 911615476308, vstest.console.dll, TestEngine: Initializing Parallel Execution as MaxCpuCount is set to: 1
TpTrace Information: 0 : 8520, 1, 2021/11/14, 01:21:45.197, 911615489312, vstest.console.dll, InferRunSettingsHelper.IsTestSettingsEnabled: Unable to navigate to RunSettings/MSTest. Current node: RunSettings
TpTrace Verbose: 0 : 8520, 1, 2021/11/14, 01:21:45.230, 911615819788, vstest.console.dll, TestRequestSender is acting as server
TpTrace Verbose: 0 : 8520, 6, 2021/11/14, 01:21:45.242, 911615933625, vstest.console.dll, DataCollectionRequestSender.InitializeCommunication : Initialize communication. 
TpTrace Information: 0 : 8520, 6, 2021/11/14, 01:21:45.274, 911616256332, vstest.console.dll, Listening on Endpoint : 127.0.0.1:57060
TpTrace Verbose: 0 : 8520, 6, 2021/11/14, 01:21:45.309, 911616604544, vstest.console.dll, DotnetDataCollectionLauncher: Full path of dotnet.exe is C:\Program Files\dotnet\dotnet.exe
TpTrace Verbose: 0 : 8520, 6, 2021/11/14, 01:21:45.309, 911616608362, vstest.console.dll, DotnetDataCollectionLauncher: Adding  --runtimeconfig "C:\Program Files\dotnet\sdk\5.0.206\datacollector.runtimeconfig.json" in args
TpTrace Verbose: 0 : 8520, 6, 2021/11/14, 01:21:45.310, 911616610538, vstest.console.dll, DotnetDataCollectionLauncher: Adding  --depsfile "C:\Program Files\dotnet\sdk\5.0.206\datacollector.deps.json" in args
TpTrace Information: 0 : 8520, 6, 2021/11/14, 01:21:45.359, 911617107568, vstest.console.dll, ProxyDataCollectionManager.Initialize: Launched datacollector processId: 26916 port: 57060
TpTrace Information: 0 : 8520, 6, 2021/11/14, 01:21:45.360, 911617112775, vstest.console.dll, ProxyDataCollectionManager.Initialize: waiting for connection with timeout: 90 seconds
TpTrace Verbose: 0 : 8520, 6, 2021/11/14, 01:21:45.360, 911617115723, vstest.console.dll, DataCollectionRequestSender.WaitForRequestHandlerConnection : Waiting for connection with timeout: 90000
TpTrace Information: 0 : 8520, 7, 2021/11/14, 01:21:45.693, 911620442727, vstest.console.dll, Using the buffer size of 16384 bytes
TpTrace Verbose: 0 : 8520, 6, 2021/11/14, 01:21:45.693, 911620443513, vstest.console.dll, ProxyDataCollectionManager.InvokeDataCollectionServiceAction: Starting.
TpTrace Information: 0 : 8520, 7, 2021/11/14, 01:21:45.693, 911620443930, vstest.console.dll, Accepted Client request and set the flag
TpTrace Information: 0 : 8520, 6, 2021/11/14, 01:21:45.693, 911620445732, vstest.console.dll, ProxyDataCollectionManager.BeforeTestRunStart: Get environment variable and port for datacollector processId: 26916 port: 57060
TpTrace Verbose: 0 : 8520, 6, 2021/11/14, 01:21:45.693, 911620447909, vstest.console.dll, DataCollectionRequestSender.SendBeforeTestRunStartAndGetResult : Send BeforeTestRunStart message with settingsXml <RunSettings><RunConfiguration><ResultsDirectory>C:\Repositorios\joxeph10-github\AccountsAssessment\AccountsAssessment\Accounts.UnitTests\bin\Debug\netcoreapp3.1\fine-code-coverage\coverage-tool-output</ResultsDirectory><TargetPlatform>X64</TargetPlatform><TargetFrameworkVersion>.NETCoreApp,Version=v3.1</TargetFrameworkVersion><DesignMode>False</DesignMode><CollectSourceInformation>False</CollectSourceInformation><TestAdaptersPaths>C:\Program Files\dotnet\sdk\5.0.206\Extensions</TestAdaptersPaths></RunConfiguration><LoggerRunSettings><Loggers><Logger friendlyName="blame" enabled="True" /><Logger friendlyName="Console" uri="logger://microsoft/TestPlatform/ConsoleLogger/v1" assemblyQualifiedName="Microsoft.VisualStudio.TestPlatform.CommandLine.Internal.ConsoleLogger, vstest.console, Version=15.0.0.0, Culture=neutral, PublicKeyToken=b03f5f7f11d50a3a" codeBase="C:\Program Files\dotnet\sdk\5.0.206\vstest.console.dll" enabled="True" /></Loggers></LoggerRunSettings><DataCollectionRunSettings><DataCollectors><DataCollector friendlyName="blame" enabled="True"><Configuration><ResultsDirectory>C:\Repositorios\joxeph10-github\AccountsAssessment\AccountsAssessment\Accounts.UnitTests\bin\Debug\netcoreapp3.1\fine-code-coverage\coverage-tool-output</ResultsDirectory></Configuration></DataCollector></DataCollectors></DataCollectionRunSettings></RunSettings> and sources System.Linq.Enumerable+Concat2Iterator`1[System.String]: 
TpTrace Verbose: 0 : 8520, 6, 2021/11/14, 01:21:45.814, 911621658585, vstest.console.dll, DataCollectionRequestSender.SendBeforeTestRunStartAndGetResult : Received message: (DataCollection.SendMessage) -> {
  "FriendlyName": null,
  "Uri": null,
  "TestCaseId": "00000000-0000-0000-0000-000000000000",
  "Message": "Logging DataCollector Diagnostics in file: C:\\Repositorios\\joxeph10-github\\AccountsAssessment\\AccountsAssessment\\Accounts.UnitTests\\bin\\Debug\\netcoreapp3.1\\fine-code-coverage\\coverage-tool-output\\diagnostics.datacollector.21-11-14_01-21-45_29656_6.log",
  "Level": 0
}
TpTrace Verbose: 0 : 8520, 6, 2021/11/14, 01:21:45.894, 911622454405, vstest.console.dll, DataCollectionRequestSender.SendBeforeTestRunStartAndGetResult : Received message: (DataCollection.BeforeTestRunStartResult) -> {
  "EnvironmentVariables": {},
  "DataCollectionEventsPort": 57063
}
TpTrace Information: 0 : 8520, 6, 2021/11/14, 01:21:45.900, 911622518225, vstest.console.dll, ProxyDataCollectionManager.BeforeTestRunStart: SendBeforeTestRunStartAndGetResult successful, env variable from datacollector:   and testhost port: 57063
TpTrace Information: 0 : 8520, 6, 2021/11/14, 01:21:45.900, 911622520052, vstest.console.dll, ProxyDataCollectionManager.InvokeDataCollectionServiceAction: Completed.
TpTrace Verbose: 0 : 8520, 1, 2021/11/14, 01:21:45.901, 911622523450, vstest.console.dll, TestRunRequest.ExecuteAsync: Creating test run request.
TpTrace Verbose: 0 : 8520, 1, 2021/11/14, 01:21:45.901, 911622528500, vstest.console.dll, TestRunRequest.ExecuteAsync: Starting.
TpTrace Information: 0 : 8520, 1, 2021/11/14, 01:21:45.902, 911622533810, vstest.console.dll, TestRunRequest.ExecuteAsync: Starting run with settings:TestRunCriteria:
   KeepAlive=False,FrequencyOfRunStatsChangeEvent=10,RunStatsChangeEventTimeout=00:00:01.5000000,TestCaseFilter=,TestExecutorLauncher=
   Settingsxml=<RunSettings>
  <RunConfiguration>
    <ResultsDirectory>C:\Repositorios\joxeph10-github\AccountsAssessment\AccountsAssessment\Accounts.UnitTests\bin\Debug\netcoreapp3.1\fine-code-coverage\coverage-tool-output</ResultsDirectory>
    <TargetPlatform>X64</TargetPlatform>
    <TargetFrameworkVersion>.NETCoreApp,Version=v3.1</TargetFrameworkVersion>
    <DesignMode>False</DesignMode>
    <CollectSourceInformation>False</CollectSourceInformation>
  </RunConfiguration>
  <LoggerRunSettings>
    <Loggers>
      <Logger friendlyName="blame" enabled="True" />
      <Logger friendlyName="Console" uri="logger://microsoft/TestPlatform/ConsoleLogger/v1" assemblyQualifiedName="Microsoft.VisualStudio.TestPlatform.CommandLine.Internal.ConsoleLogger, vstest.console, Version=15.0.0.0, Culture=neutral, PublicKeyToken=b03f5f7f11d50a3a" codeBase="C:\Program Files\dotnet\sdk\5.0.206\vstest.console.dll" enabled="True" />
    </Loggers>
  </LoggerRunSettings>
  <DataCollectionRunSettings>
    <DataCollectors>
      <DataCollector friendlyName="blame" enabled="True">
        <Configuration>
          <ResultsDirectory>C:\Repositorios\joxeph10-github\AccountsAssessment\AccountsAssessment\Accounts.UnitTests\bin\Debug\netcoreapp3.1\fine-code-coverage\coverage-tool-output</ResultsDirectory>
        </Configuration>
      </DataCollector>
    </DataCollectors>
  </DataCollectionRunSettings>
</RunSettings>

TpTrace Verbose: 0 : 8520, 1, 2021/11/14, 01:21:45.902, 911622536088, vstest.console.dll, TestRunRequest.ExecuteAsync: Wait for the first run request is over.
TpTrace Verbose: 0 : 8520, 1, 2021/11/14, 01:21:45.903, 911622544940, vstest.console.dll, ParallelProxyExecutionManager: Start execution. Total sources: 1
TpTrace Information: 0 : 8520, 1, 2021/11/14, 01:21:45.904, 911622557959, vstest.console.dll, ProxyParallelExecutionManager: Triggering test run for next source: C:\Repositorios\joxeph10-github\AccountsAssessment\AccountsAssessment\Accounts.UnitTests\bin\Debug\netcoreapp3.1\fine-code-coverage\build-output\Accounts.UnitTests.dll
TpTrace Verbose: 0 : 8520, 4, 2021/11/14, 01:21:45.905, 911622561523, vstest.console.dll, ParallelProxyExecutionManager: Execution started. Started clients: 1
TpTrace Verbose: 0 : 8520, 1, 2021/11/14, 01:21:45.905, 911622561810, vstest.console.dll, ProxyParallelExecutionManager: No sources available for execution.
TpTrace Information: 0 : 8520, 1, 2021/11/14, 01:21:45.905, 911622564563, vstest.console.dll, TestRunRequest.ExecuteAsync: Started.
TpTrace Verbose: 0 : 8520, 1, 2021/11/14, 01:21:45.905, 911622566424, vstest.console.dll, TestRunRequest.WaitForCompletion: Waiting with timeout -1.
TpTrace Verbose: 0 : 8520, 4, 2021/11/14, 01:21:45.905, 911622568707, vstest.console.dll, TestRunRequest:SendTestRunMessage: Starting.
TpTrace Information: 0 : 8520, 4, 2021/11/14, 01:21:45.906, 911622571024, vstest.console.dll, TestRunRequest:SendTestRunMessage: Completed.
TpTrace Verbose: 0 : 8520, 4, 2021/11/14, 01:21:45.906, 911622575105, vstest.console.dll, ProxyExecutionManager: Test host is always Lazy initialize.
TpTrace Verbose: 0 : 8520, 4, 2021/11/14, 01:21:45.906, 911622579962, vstest.console.dll, TestRequestSender.InitializeCommunication: initialize communication. 
TpTrace Information: 0 : 8520, 4, 2021/11/14, 01:21:45.907, 911622588752, vstest.console.dll, SocketServer.Start: Listening on endpoint : 127.0.0.1:57064
TpTrace Verbose: 0 : 8520, 4, 2021/11/14, 01:21:45.909, 911622602459, vstest.console.dll, DotnetTestHostmanager: Adding  --runtimeconfig "C:\Repositorios\joxeph10-github\AccountsAssessment\AccountsAssessment\Accounts.UnitTests\bin\Debug\netcoreapp3.1\fine-code-coverage\build-output\Accounts.UnitTests.runtimeconfig.json" in args
TpTrace Verbose: 0 : 8520, 4, 2021/11/14, 01:21:45.909, 911622604467, vstest.console.dll, DotnetTestHostmanager: Adding  --depsfile "C:\Repositorios\joxeph10-github\AccountsAssessment\AccountsAssessment\Accounts.UnitTests\bin\Debug\netcoreapp3.1\fine-code-coverage\build-output\Accounts.UnitTests.deps.json" in args
TpTrace Information: 0 : 8520, 4, 2021/11/14, 01:21:45.909, 911622609850, vstest.console.dll, AssemblyResolver.OnResolve: Microsoft.Extensions.DependencyModel: Resolving assembly.
TpTrace Information: 0 : 8520, 4, 2021/11/14, 01:21:45.911, 911622623785, vstest.console.dll, AssemblyResolver.OnResolve: Resolved assembly: Microsoft.Extensions.DependencyModel, from path: C:\Program Files\dotnet\sdk\5.0.206\Microsoft.Extensions.DependencyModel.dll
TpTrace Verbose: 0 : 8520, 4, 2021/11/14, 01:21:45.911, 911622629434, vstest.console.dll, DotnetTestHostmanager: Reading file C:\Repositorios\joxeph10-github\AccountsAssessment\AccountsAssessment\Accounts.UnitTests\bin\Debug\netcoreapp3.1\fine-code-coverage\build-output\Accounts.UnitTests.deps.json to get path of testhost.dll
TpTrace Verbose: 0 : 8520, 4, 2021/11/14, 01:21:45.976, 911623274943, vstest.console.dll, DotnetTestHostmanager: Relative path of testhost.dll with respect to package folder is microsoft.testplatform.testhost/16.5.0\lib/netcoreapp2.1/testhost.dll
TpTrace Verbose: 0 : 8520, 4, 2021/11/14, 01:21:45.977, 911623286822, vstest.console.dll, DotnetTestHostmanager: Looking for path microsoft.testplatform.testhost/16.5.0\lib/netcoreapp2.1/testhost.dll in folder C:\Users\jlopez\.dotnet\store\|arch|\|tfm|
TpTrace Verbose: 0 : 8520, 4, 2021/11/14, 01:21:45.977, 911623289449, vstest.console.dll, DotnetTestHostmanager: Looking for path microsoft.testplatform.testhost/16.5.0\lib/netcoreapp2.1/testhost.dll in folder C:\Users\jlopez\.nuget\packages
TpTrace Verbose: 0 : 8520, 4, 2021/11/14, 01:21:45.978, 911623292836, vstest.console.dll, DotnetTestHostManager: Testhost.exe/testhost.x86.exe found at path: C:\Users\jlopez\.nuget\packages\microsoft.testplatform.testhost\16.5.0\build\netcoreapp2.1\x64\testhost.exe
TpTrace Verbose: 0 : 8520, 4, 2021/11/14, 01:21:45.978, 911623294073, vstest.console.dll, DotnetTestHostmanager: Full path of host exe is C:\Users\jlopez\.nuget\packages\microsoft.testplatform.testhost\16.5.0\build\netcoreapp2.1\x64\testhost.exe
TpTrace Verbose: 0 : 8520, 6, 2021/11/14, 01:21:45.980, 911623316443, vstest.console.dll, DotnetTestHostManager: Starting process 'C:\Users\jlopez\.nuget\packages\microsoft.testplatform.testhost\16.5.0\build\netcoreapp2.1\x64\testhost.exe' with command line ' --runtimeconfig "C:\Repositorios\joxeph10-github\AccountsAssessment\AccountsAssessment\Accounts.UnitTests\bin\Debug\netcoreapp3.1\fine-code-coverage\build-output\Accounts.UnitTests.runtimeconfig.json" --depsfile "C:\Repositorios\joxeph10-github\AccountsAssessment\AccountsAssessment\Accounts.UnitTests\bin\Debug\netcoreapp3.1\fine-code-coverage\build-output\Accounts.UnitTests.deps.json" --port 57064 --endpoint 127.0.0.1:057064 --role client --parentprocessid 8520 --diag "C:\Repositorios\joxeph10-github\AccountsAssessment\AccountsAssessment\Accounts.UnitTests\bin\Debug\netcoreapp3.1\fine-code-coverage\coverage-tool-output\diagnostics.host.21-11-14_01-21-45_90853_4.log" --tracelevel 4 --datacollectionport 57063 --telemetryoptedin false'
TpTrace Verbose: 0 : 8520, 6, 2021/11/14, 01:21:46.009, 911623603149, vstest.console.dll, Test Runtime launched
TpTrace Verbose: 0 : 8520, 4, 2021/11/14, 01:21:46.011, 911623623534, vstest.console.dll, TestRequestSender.WaitForRequestHandlerConnection: waiting for connection with timeout: 90000
TpTrace Verbose: 0 : 8520, 6, 2021/11/14, 01:21:46.339, 911626910459, vstest.console.dll, SocketServer.OnClientConnected: Client connected for endPoint: 127.0.0.1:57064, starting MessageLoopAsync:
TpTrace Verbose: 0 : 8520, 6, 2021/11/14, 01:21:46.340, 911626915708, vstest.console.dll, TcpClientExtensions.MessageLoopAsync: Polling on remoteEndPoint: 127.0.0.1:57065 localEndPoint: 127.0.0.1:57064
TpTrace Verbose: 0 : 8520, 6, 2021/11/14, 01:21:46.635, 911629864821, vstest.console.dll, TcpClientExtensions.MessageLoopAsync: NotifyDataAvailable remoteEndPoint: 127.0.0.1:57065 localEndPoint: 127.0.0.1:57064
TpTrace Verbose: 0 : 8520, 6, 2021/11/14, 01:21:46.635, 911629870079, vstest.console.dll, TestRequestSender.CheckVersionWithTestHost: onMessageReceived received message: (ProtocolVersion) -> 2
TpTrace Verbose: 0 : 8520, 6, 2021/11/14, 01:21:46.637, 911629883561, vstest.console.dll, TcpClientExtensions.MessageLoopAsync: Polling on remoteEndPoint: 127.0.0.1:57065 localEndPoint: 127.0.0.1:57064
TpTrace Verbose: 0 : 8520, 4, 2021/11/14, 01:21:46.637, 911629886670, vstest.console.dll, TestPluginCache.GetExtensionPaths: Filtered extension paths: 
TpTrace Verbose: 0 : 8520, 4, 2021/11/14, 01:21:46.637, 911629889221, vstest.console.dll, TestPluginCache.GetExtensionPaths: Added default extension paths: C:\Program Files\dotnet\sdk\5.0.206\Extensions\Microsoft.Diagnostics.NETCore.Client.dll
C:\Program Files\dotnet\sdk\5.0.206\Extensions\Microsoft.TestPlatform.Extensions.BlameDataCollector.dll
C:\Program Files\dotnet\sdk\5.0.206\Extensions\Microsoft.TestPlatform.Extensions.EventLogCollector.dll
C:\Program Files\dotnet\sdk\5.0.206\Extensions\Microsoft.TestPlatform.TestHostRuntimeProvider.dll
C:\Program Files\dotnet\sdk\5.0.206\Extensions\Microsoft.VisualStudio.TestPlatform.Extensions.Html.TestLogger.dll
C:\Program Files\dotnet\sdk\5.0.206\Extensions\Microsoft.VisualStudio.TestPlatform.Extensions.Trx.TestLogger.dll
TpTrace Verbose: 0 : 8520, 4, 2021/11/14, 01:21:46.638, 911629890941, vstest.console.dll, TestPluginCache.GetExtensionPaths: Added unfilterableExtensionPaths: 
TpTrace Verbose: 0 : 8520, 4, 2021/11/14, 01:21:46.651, 911630020216, vstest.console.dll, TestRequestSender.InitializeExecution: Sending initializing execution with message: {"Version":2,"MessageType":"TestExecution.Initialize","Payload":["C:\\Repositorios\\joxeph10-github\\AccountsAssessment\\AccountsAssessment\\Accounts.UnitTests\\bin\\Debug\\netcoreapp3.1\\fine-code-coverage\\build-output\\Microsoft.VisualStudio.TestPlatform.MSTest.TestAdapter.dll"]}
TpTrace Verbose: 0 : 8520, 4, 2021/11/14, 01:21:46.679, 911630306613, vstest.console.dll, TestRequestSender.StartTestRun: Sending test run with message: {"Version":2,"MessageType":"TestExecution.StartWithSources","Payload":{"AdapterSourceMap":{"_none_":["C:\\Repositorios\\joxeph10-github\\AccountsAssessment\\AccountsAssessment\\Accounts.UnitTests\\bin\\Debug\\netcoreapp3.1\\fine-code-coverage\\build-output\\Accounts.UnitTests.dll"]},"RunSettings":"<RunSettings>\r\n  <RunConfiguration>\r\n    <ResultsDirectory>C:\\Repositorios\\joxeph10-github\\AccountsAssessment\\AccountsAssessment\\Accounts.UnitTests\\bin\\Debug\\netcoreapp3.1\\fine-code-coverage\\coverage-tool-output</ResultsDirectory>\r\n    <TargetPlatform>X64</TargetPlatform>\r\n    <TargetFrameworkVersion>.NETCoreApp,Version=v3.1</TargetFrameworkVersion>\r\n    <DesignMode>False</DesignMode>\r\n    <CollectSourceInformation>False</CollectSourceInformation>\r\n  </RunConfiguration>\r\n  <LoggerRunSettings>\r\n    <Loggers>\r\n      <Logger friendlyName=\"blame\" enabled=\"True\" />\r\n      <Logger friendlyName=\"Console\" uri=\"logger://microsoft/TestPlatform/ConsoleLogger/v1\" assemblyQualifiedName=\"Microsoft.VisualStudio.TestPlatform.CommandLine.Internal.ConsoleLogger, vstest.console, Version=15.0.0.0, Culture=neutral, PublicKeyToken=b03f5f7f11d50a3a\" codeBase=\"C:\\Program Files\\dotnet\\sdk\\5.0.206\\vstest.console.dll\" enabled=\"True\" />\r\n    </Loggers>\r\n  </LoggerRunSettings>\r\n  <DataCollectionRunSettings>\r\n    <DataCollectors>\r\n      <DataCollector friendlyName=\"blame\" enabled=\"True\">\r\n        <Configuration>\r\n          <ResultsDirectory>C:\\Repositorios\\joxeph10-github\\AccountsAssessment\\AccountsAssessment\\Accounts.UnitTests\\bin\\Debug\\netcoreapp3.1\\fine-code-coverage\\coverage-tool-output</ResultsDirectory>\r\n        </Configuration>\r\n      </DataCollector>\r\n    </DataCollectors>\r\n  </DataCollectionRunSettings>\r\n</RunSettings>","TestExecutionContext":{"FrequencyOfRunStatsChangeEvent":10,"RunStatsChangeEventTimeout":"00:00:01.5000000","InIsolation":false,"KeepAlive":false,"AreTestCaseLevelEventsRequired":false,"IsDebug":false,"TestCaseFilter":null,"FilterOptions":null},"Package":null}}
TpTrace Verbose: 0 : 8520, 6, 2021/11/14, 01:21:46.684, 911630356543, vstest.console.dll, TcpClientExtensions.MessageLoopAsync: NotifyDataAvailable remoteEndPoint: 127.0.0.1:57065 localEndPoint: 127.0.0.1:57064
TpTrace Verbose: 0 : 8520, 6, 2021/11/14, 01:21:46.685, 911630361122, vstest.console.dll, TestRequestSender.OnExecutionMessageReceived: Received message: {"Version":2,"MessageType":"TestSession.Message","Payload":{"MessageLevel":0,"Message":"Logging TestHost Diagnostics in file: C:\\Repositorios\\joxeph10-github\\AccountsAssessment\\AccountsAssessment\\Accounts.UnitTests\\bin\\Debug\\netcoreapp3.1\\fine-code-coverage\\coverage-tool-output\\diagnostics.host.21-11-14_01-21-45_90853_4.log"}}
TpTrace Verbose: 0 : 8520, 6, 2021/11/14, 01:21:46.690, 911630416825, vstest.console.dll, TestRunRequest:SendTestRunMessage: Starting.
TpTrace Information: 0 : 8520, 6, 2021/11/14, 01:21:46.690, 911630419315, vstest.console.dll, TestRunRequest:SendTestRunMessage: Completed.
TpTrace Verbose: 0 : 8520, 6, 2021/11/14, 01:21:46.691, 911630420479, vstest.console.dll, TcpClientExtensions.MessageLoopAsync: Polling on remoteEndPoint: 127.0.0.1:57065 localEndPoint: 127.0.0.1:57064
TpTrace Verbose: 0 : 8520, 6, 2021/11/14, 01:21:47.046, 911633970469, vstest.console.dll, TcpClientExtensions.MessageLoopAsync: NotifyDataAvailable remoteEndPoint: 127.0.0.1:57065 localEndPoint: 127.0.0.1:57064
TpTrace Verbose: 0 : 8520, 6, 2021/11/14, 01:21:47.046, 911633973108, vstest.console.dll, TestRequestSender.OnExecutionMessageReceived: Received message: {"Version":2,"MessageType":"TestSession.Message","Payload":{"MessageLevel":1,"Message":"[MSTest][Discovery][C:\\Repositorios\\joxeph10-github\\AccountsAssessment\\AccountsAssessment\\Accounts.UnitTests\\bin\\Debug\\netcoreapp3.1\\fine-code-coverage\\build-output\\Accounts.UnitTests.dll] UTA001: TestClass attribute defined on non-public class Accounts.UnitTests.Mappers.CustomerMapperTests"}}
TpTrace Verbose: 0 : 8520, 6, 2021/11/14, 01:21:47.047, 911633980383, vstest.console.dll, TestRunRequest:SendTestRunMessage: Starting.
TpTrace Information: 0 : 8520, 6, 2021/11/14, 01:21:47.047, 911633982987, vstest.console.dll, TestRunRequest:SendTestRunMessage: Completed.
TpTrace Verbose: 0 : 8520, 6, 2021/11/14, 01:21:47.047, 911633984267, vstest.console.dll, TcpClientExtensions.MessageLoopAsync: Polling on remoteEndPoint: 127.0.0.1:57065 localEndPoint: 127.0.0.1:57064
TpTrace Verbose: 0 : 8520, 6, 2021/11/14, 01:21:47.047, 911633985743, vstest.console.dll, TcpClientExtensions.MessageLoopAsync: NotifyDataAvailable remoteEndPoint: 127.0.0.1:57065 localEndPoint: 127.0.0.1:57064
TpTrace Verbose: 0 : 8520, 6, 2021/11/14, 01:21:47.047, 911633987725, vstest.console.dll, TestRequestSender.OnExecutionMessageReceived: Received message: {"Version":2,"MessageType":"TestSession.Message","Payload":{"MessageLevel":1,"Message":"[MSTest][Discovery][C:\\Repositorios\\joxeph10-github\\AccountsAssessment\\AccountsAssessment\\Accounts.UnitTests\\bin\\Debug\\netcoreapp3.1\\fine-code-coverage\\build-output\\Accounts.UnitTests.dll] UTA001: TestClass attribute defined on non-public class Accounts.UnitTests.Infrastructure.RepositoryTests"}}
TpTrace Verbose: 0 : 8520, 6, 2021/11/14, 01:21:47.048, 911633992626, vstest.console.dll, TestRunRequest:SendTestRunMessage: Starting.
TpTrace Information: 0 : 8520, 6, 2021/11/14, 01:21:47.048, 911633994267, vstest.console.dll, TestRunRequest:SendTestRunMessage: Completed.
TpTrace Verbose: 0 : 8520, 6, 2021/11/14, 01:21:47.048, 911633995435, vstest.console.dll, TcpClientExtensions.MessageLoopAsync: Polling on remoteEndPoint: 127.0.0.1:57065 localEndPoint: 127.0.0.1:57064
TpTrace Verbose: 0 : 8520, 6, 2021/11/14, 01:21:47.048, 911633996704, vstest.console.dll, TcpClientExtensions.MessageLoopAsync: NotifyDataAvailable remoteEndPoint: 127.0.0.1:57065 localEndPoint: 127.0.0.1:57064
TpTrace Verbose: 0 : 8520, 6, 2021/11/14, 01:21:47.048, 911633998409, vstest.console.dll, TestRequestSender.OnExecutionMessageReceived: Received message: {"Version":2,"MessageType":"TestSession.Message","Payload":{"MessageLevel":1,"Message":"[MSTest][Discovery][C:\\Repositorios\\joxeph10-github\\AccountsAssessment\\AccountsAssessment\\Accounts.UnitTests\\bin\\Debug\\netcoreapp3.1\\fine-code-coverage\\build-output\\Accounts.UnitTests.dll] UTA001: TestClass attribute defined on non-public class Accounts.UnitTests.DomainServices.CustomerServiceTests"}}
TpTrace Verbose: 0 : 8520, 6, 2021/11/14, 01:21:47.049, 911634002420, vstest.console.dll, TestRunRequest:SendTestRunMessage: Starting.
TpTrace Information: 0 : 8520, 6, 2021/11/14, 01:21:47.049, 911634004092, vstest.console.dll, TestRunRequest:SendTestRunMessage: Completed.
TpTrace Verbose: 0 : 8520, 6, 2021/11/14, 01:21:47.049, 911634005398, vstest.console.dll, TcpClientExtensions.MessageLoopAsync: Polling on remoteEndPoint: 127.0.0.1:57065 localEndPoint: 127.0.0.1:57064
TpTrace Verbose: 0 : 8520, 6, 2021/11/14, 01:21:47.049, 911634006681, vstest.console.dll, TcpClientExtensions.MessageLoopAsync: NotifyDataAvailable remoteEndPoint: 127.0.0.1:57065 localEndPoint: 127.0.0.1:57064
TpTrace Verbose: 0 : 8520, 6, 2021/11/14, 01:21:47.049, 911634008737, vstest.console.dll, TestRequestSender.OnExecutionMessageReceived: Received message: {"Version":2,"MessageType":"TestSession.Message","Payload":{"MessageLevel":1,"Message":"[MSTest][Discovery][C:\\Repositorios\\joxeph10-github\\AccountsAssessment\\AccountsAssessment\\Accounts.UnitTests\\bin\\Debug\\netcoreapp3.1\\fine-code-coverage\\build-output\\Accounts.UnitTests.dll] UTA001: TestClass attribute defined on non-public class Accounts.UnitTests.ApplicationServices.CustomerApplicationServiceUnitTests"}}
TpTrace Verbose: 0 : 8520, 6, 2021/11/14, 01:21:47.050, 911634012679, vstest.console.dll, TestRunRequest:SendTestRunMessage: Starting.
TpTrace Information: 0 : 8520, 6, 2021/11/14, 01:21:47.050, 911634014119, vstest.console.dll, TestRunRequest:SendTestRunMessage: Completed.
TpTrace Verbose: 0 : 8520, 6, 2021/11/14, 01:21:47.050, 911634015234, vstest.console.dll, TcpClientExtensions.MessageLoopAsync: Polling on remoteEndPoint: 127.0.0.1:57065 localEndPoint: 127.0.0.1:57064
TpTrace Verbose: 0 : 8520, 6, 2021/11/14, 01:21:47.085, 911634365552, vstest.console.dll, TcpClientExtensions.MessageLoopAsync: NotifyDataAvailable remoteEndPoint: 127.0.0.1:57065 localEndPoint: 127.0.0.1:57064
TpTrace Verbose: 0 : 8520, 6, 2021/11/14, 01:21:47.085, 911634367882, vstest.console.dll, TestRequestSender.OnExecutionMessageReceived: Received message: {"Version":2,"MessageType":"TestSession.Message","Payload":{"MessageLevel":1,"Message":"No test is available in C:\\Repositorios\\joxeph10-github\\AccountsAssessment\\AccountsAssessment\\Accounts.UnitTests\\bin\\Debug\\netcoreapp3.1\\fine-code-coverage\\build-output\\Accounts.UnitTests.dll. Make sure that test discoverer & executors are registered and platform & framework version settings are appropriate and try again."}}
TpTrace Verbose: 0 : 8520, 6, 2021/11/14, 01:21:47.086, 911634371127, vstest.console.dll, TestRunRequest:SendTestRunMessage: Starting.
TpTrace Information: 0 : 8520, 6, 2021/11/14, 01:21:47.086, 911634372287, vstest.console.dll, TestRunRequest:SendTestRunMessage: Completed.
TpTrace Verbose: 0 : 8520, 6, 2021/11/14, 01:21:47.086, 911634373032, vstest.console.dll, TcpClientExtensions.MessageLoopAsync: Polling on remoteEndPoint: 127.0.0.1:57065 localEndPoint: 127.0.0.1:57064
TpTrace Verbose: 0 : 8520, 6, 2021/11/14, 01:21:47.163, 911635142322, vstest.console.dll, TcpClientExtensions.MessageLoopAsync: NotifyDataAvailable remoteEndPoint: 127.0.0.1:57065 localEndPoint: 127.0.0.1:57064
TpTrace Verbose: 0 : 8520, 6, 2021/11/14, 01:21:47.163, 911635144638, vstest.console.dll, TestRequestSender.OnExecutionMessageReceived: Received message: {"Version":2,"MessageType":"TestExecution.Completed","Payload":{"TestRunCompleteArgs":{"TestRunStatistics":{"ExecutedTests":0,"Stats":{}},"IsCanceled":false,"IsAborted":false,"Error":null,"AttachmentSets":[],"ElapsedTimeInRunningTests":"00:00:00.0993921","Metrics":{}},"LastRunTests":{"NewTestResults":[],"TestRunStatistics":{"ExecutedTests":0,"Stats":{}},"ActiveTests":[]},"RunAttachments":[],"ExecutorUris":[]}}
TpTrace Verbose: 0 : 8520, 6, 2021/11/14, 01:21:47.163, 911635148187, vstest.console.dll, TestRequestSender.EndSession: Sending end session.
TpTrace Verbose: 0 : 8520, 6, 2021/11/14, 01:21:47.164, 911635151310, vstest.console.dll, ProxyOperationManager.Close: waiting for test host to exit for 100 ms
TpTrace Warning: 0 : 8520, 12, 2021/11/14, 01:21:47.198, 911635493911, vstest.console.dll, TestHostManagerCallbacks.ErrorReceivedCallback Test host standard error line: 
TpTrace Verbose: 0 : 8520, 7, 2021/11/14, 01:21:47.208, 911635595256, vstest.console.dll, TestHostProvider.ExitCallBack: Host exited starting callback.
TpTrace Information: 0 : 8520, 7, 2021/11/14, 01:21:47.209, 911635605719, vstest.console.dll, TestHostManagerCallbacks.ExitCallBack: Testhost processId: 26996 exited with exitcode: 0 error: ''
TpTrace Verbose: 0 : 8520, 7, 2021/11/14, 01:21:47.209, 911635606851, vstest.console.dll, DotnetTestHostManager.OnHostExited: invoking OnHostExited callback
TpTrace Verbose: 0 : 8520, 7, 2021/11/14, 01:21:47.209, 911635607801, vstest.console.dll, CrossPlatEngine.TestHostManagerHostExited: calling on client process exit callback.
TpTrace Information: 0 : 8520, 7, 2021/11/14, 01:21:47.209, 911635608831, vstest.console.dll, TestRequestSender.OnClientProcessExit: Test host process exited. Standard error: 
TpTrace Warning: 0 : 8520, 6, 2021/11/14, 01:21:47.209, 911635609432, vstest.console.dll, ProxyOperationManager: Timed out waiting for test host to exit. Will terminate process.
TpTrace Information: 0 : 8520, 7, 2021/11/14, 01:21:47.209, 911635609720, vstest.console.dll, SocketServer.Stop: Stop server endPoint: 127.0.0.1:57064
TpTrace Information: 0 : 8520, 7, 2021/11/14, 01:21:47.210, 911635611615, vstest.console.dll, SocketServer.Stop: Cancellation requested. Stopping message loop.
TpTrace Verbose: 0 : 8520, 6, 2021/11/14, 01:21:47.211, 911635621007, vstest.console.dll, ProxyDataCollectionManager.InvokeDataCollectionServiceAction: Starting.
TpTrace Information: 0 : 8520, 6, 2021/11/14, 01:21:47.211, 911635622204, vstest.console.dll, ProxyDataCollectionManager.AfterTestRunEnd: Get attachment set for datacollector processId: 26916 port: 57060
TpTrace Verbose: 0 : 8520, 6, 2021/11/14, 01:21:47.211, 911635623217, vstest.console.dll, DataCollectionRequestSender.SendAfterTestRunStartAndGetResult : Send AfterTestRunEnd message with isCancelled: False
TpTrace Verbose: 0 : 8520, 6, 2021/11/14, 01:21:47.223, 911635744307, vstest.console.dll, DataCollectionRequestSender.SendAfterTestRunStartAndGetResult : Received message: (DataCollection.AfterTestRunEndResult) -> {
  "AttachmentSets": [],
  "Metrics": {}
}
TpTrace Information: 0 : 8520, 6, 2021/11/14, 01:21:47.229, 911635807166, vstest.console.dll, ProxyDataCollectionManager.InvokeDataCollectionServiceAction: Completed.
TpTrace Warning: 0 : 8520, 9, 2021/11/14, 01:21:47.238, 911635895205, vstest.console.dll, DataCollectionLauncher.ErrorReceivedCallback datacollector standard error line: 
TpTrace Information: 0 : 8520, 7, 2021/11/14, 01:21:47.250, 911636014993, vstest.console.dll, DataCollectionLauncher.ExitCallBack: Data collector exited with exitcode: 0 error: ''
TpTrace Verbose: 0 : 8520, 6, 2021/11/14, 01:21:47.294, 911636458659, vstest.console.dll, TestRunRequest:SendTestRunStatsChange: Starting.
TpTrace Information: 0 : 8520, 6, 2021/11/14, 01:21:47.295, 911636461319, vstest.console.dll, TestRunRequest:SendTestRunStatsChange: Completed.
TpTrace Verbose: 0 : 8520, 6, 2021/11/14, 01:21:47.295, 911636464763, vstest.console.dll, ParallelProxyExecutionManager: HandlePartialRunComplete: Total completed clients = 1, Run complete = True, Run canceled: False.
TpTrace Verbose: 0 : 8520, 6, 2021/11/14, 01:21:47.332, 911636831229, vstest.console.dll, TestRunRequest:TestRunComplete: Starting. IsAborted:False IsCanceled:False.
TpTrace Verbose: 0 : 8520, 6, 2021/11/14, 01:21:47.332, 911636834459, vstest.console.dll, TestLoggerManager.HandleTestRunComplete: Ignoring as the object is disposed.
TpTrace Information: 0 : 8520, 6, 2021/11/14, 01:21:47.335, 911636860090, vstest.console.dll, TestRunRequest:TestRunComplete: Completed.
TpTrace Verbose: 0 : 8520, 6, 2021/11/14, 01:21:47.335, 911636861366, vstest.console.dll, TestRequestSender.SetOperationComplete: Setting operation complete.
TpTrace Verbose: 0 : 8520, 1, 2021/11/14, 01:21:47.335, 911636861981, vstest.console.dll, TestRunRequest.Dispose: Starting.
TpTrace Information: 0 : 8520, 6, 2021/11/14, 01:21:47.335, 911636862611, vstest.console.dll, SocketServer.Stop: Stop server endPoint: 127.0.0.1:57064
TpTrace Information: 0 : 8520, 1, 2021/11/14, 01:21:47.335, 911636864387, vstest.console.dll, TestRunRequest.Dispose: Completed.
TpTrace Information: 0 : 8520, 6, 2021/11/14, 01:21:47.335, 911636865418, vstest.console.dll, SocketServer.Stop: Cancellation requested. Stopping message loop.
TpTrace Information: 0 : 8520, 1, 2021/11/14, 01:21:47.335, 911636867590, vstest.console.dll, TestRequestManager.RunTests: run tests completed.
TpTrace Information: 0 : 8520, 6, 2021/11/14, 01:21:47.335, 911636868604, vstest.console.dll, SocketServer.PrivateStop: Stop server endPoint: 127.0.0.1:57064 error: 
TpTrace Information: 0 : 8520, 1, 2021/11/14, 01:21:47.336, 911636870155, vstest.console.dll, RunTestsArgumentProcessor:Execute: Test run is completed.
TpTrace Verbose: 0 : 8520, 1, 2021/11/14, 01:21:47.336, 911636873531, vstest.console.dll, Executor.Execute: Exiting with exit code of 0
TpTrace Verbose: 0 : 8520, 6, 2021/11/14, 01:21:47.336, 911636879218, vstest.console.dll, LengthPrefixCommunicationChannel.Dispose: Dispose reader and writer.
TpTrace Information: 0 : 8520, 6, 2021/11/14, 01:21:47.337, 911636880718, vstest.console.dll, SocketServer.Stop: Raise disconnected event endPoint: 127.0.0.1:57064 error: 
TpTrace Verbose: 0 : 8520, 6, 2021/11/14, 01:21:47.352, 911637038856, vstest.console.dll, TestRequestSender: OnTestRunAbort: Operation is already complete. Skip error message.
TpTrace Verbose: 0 : 8520, 6, 2021/11/14, 01:21:47.353, 911637040657, vstest.console.dll, TcpClientExtensions.MessageLoopAsync: exiting MessageLoopAsync remoteEndPoint: 127.0.0.1:57065 localEndPoint: 127.0.0.1:57064
